<?xml version="1.0" encoding="UTF-8"?>
<!-- Generated by org.testng.reporters.JUnitReportReporter -->
<testsuite hostname="sabar" failures="0" tests="1" name="com.qa.fifa.SearchTest" time="4.241" errors="0" timestamp="2022-12-04T11:33:29 EST" skipped="0">
  <testcase classname="com.qa.fifa.SearchTest" name="validateSearch" time="4.241"/>
  <system-out/>
</testsuite> <!-- com.qa.fifa.SearchTest -->
